This is pdfTeX, Version 3.14159265-2.6-1.40.21 (MiKTeX 20.6.29) (preloaded format=pdflatex 2020.8.11)  13 AUG 2020 10:16
entering extended mode
**./RelatorioAnualMatheusNogueira.tex
(RelatorioAnualMatheusNogueira.tex
LaTeX2e <2020-02-02> patch level 5
L3 programming layer <2020-06-18>
("C:\Program Files\MiKTeX\tex/latex/base\article.cls"
Document Class: article 2019/12/20 v1.4l Standard LaTeX document class
("C:\Program Files\MiKTeX\tex/latex/base\size12.clo"
File: size12.clo 2019/12/20 v1.4l Standard LaTeX file (size option)
)
\c@part=\count167
\c@section=\count168
\c@subsection=\count169
\c@subsubsection=\count170
\c@paragraph=\count171
\c@subparagraph=\count172
\c@figure=\count173
\c@table=\count174
\abovecaptionskip=\skip47
\belowcaptionskip=\skip48
\bibindent=\dimen134
)
("C:\Program Files\MiKTeX\tex/latex/base\inputenc.sty"
Package: inputenc 2018/08/11 v1.3c Input encoding file
\inpenc@prehook=\toks15
\inpenc@posthook=\toks16
)
("C:\Program Files\MiKTeX\tex/generic/babel\babel.sty"
Package: babel 2020/07/07 3.46 The Babel package

("C:\Program Files\MiKTeX\tex/generic/babel\babel.def"
File: babel.def 2020/07/07 3.46 Babel common definitions
\babel@savecnt=\count175
\U@D=\dimen135
\l@babelnohyphens=\language79

("C:\Program Files\MiKTeX\tex/generic/babel\txtbabel.def")
\bbl@readstream=\read2
)
\bbl@dirlevel=\count176

*************************************
* Local config file bblopts.cfg used
*
("C:\Program Files\MiKTeX\tex/latex/arabi\bblopts.cfg"
File: bblopts.cfg 2005/09/08 v0.1 add Arabic and Farsi to "declared" options of
 babel
)
(C:\Users\Matheus\AppData\Roaming\MiKTeX\tex/latex/babel-portuges\brazil.ldf
Language: portuges 2020/05/04 v1.2r Portuguese support from the babel system
Package babel Info: \l@brazil = using hyphenrules for portuguese
(babel)             (\language56) on input line 111.
Package babel Info: Making " an active character on input line 143.
))
(C:\Users\Matheus\AppData\Roaming\MiKTeX\tex/latex/geometry\geometry.sty
Package: geometry 2020/01/02 v5.9 Page Geometry

("C:\Program Files\MiKTeX\tex/latex/graphics\keyval.sty"
Package: keyval 2014/10/28 v1.15 key=value parser (DPC)
\KV@toks@=\toks17
)
("C:\Program Files\MiKTeX\tex/generic/iftex\ifvtex.sty"
Package: ifvtex 2019/10/25 v1.7 ifvtex legacy package. Use iftex instead.

("C:\Program Files\MiKTeX\tex/generic/iftex\iftex.sty"
Package: iftex 2020/03/06 v1.0d TeX engine tests
))
\Gm@cnth=\count177
\Gm@cntv=\count178
\c@Gm@tempcnt=\count179
\Gm@bindingoffset=\dimen136
\Gm@wd@mp=\dimen137
\Gm@odd@mp=\dimen138
\Gm@even@mp=\dimen139
\Gm@layoutwidth=\dimen140
\Gm@layoutheight=\dimen141
\Gm@layouthoffset=\dimen142
\Gm@layoutvoffset=\dimen143
\Gm@dimlist=\toks18

(C:\Users\Matheus\AppData\Roaming\MiKTeX\tex/latex/geometry\geometry.cfg))
("C:\Program Files\MiKTeX\tex/latex/amsmath\amsmath.sty"
Package: amsmath 2020/01/20 v2.17e AMS math features
\@mathmargin=\skip49

For additional information on amsmath, use the `?' option.
("C:\Program Files\MiKTeX\tex/latex/amsmath\amstext.sty"
Package: amstext 2000/06/29 v2.01 AMS text

("C:\Program Files\MiKTeX\tex/latex/amsmath\amsgen.sty"
File: amsgen.sty 1999/11/30 v2.0 generic functions
\@emptytoks=\toks19
\ex@=\dimen144
))
("C:\Program Files\MiKTeX\tex/latex/amsmath\amsbsy.sty"
Package: amsbsy 1999/11/29 v1.2d Bold Symbols
\pmbraise@=\dimen145
)
("C:\Program Files\MiKTeX\tex/latex/amsmath\amsopn.sty"
Package: amsopn 2016/03/08 v2.02 operator names
)
\inf@bad=\count180
LaTeX Info: Redefining \frac on input line 227.
\uproot@=\count181
\leftroot@=\count182
LaTeX Info: Redefining \overline on input line 389.
\classnum@=\count183
\DOTSCASE@=\count184
LaTeX Info: Redefining \ldots on input line 486.
LaTeX Info: Redefining \dots on input line 489.
LaTeX Info: Redefining \cdots on input line 610.
\Mathstrutbox@=\box45
\strutbox@=\box46
\big@size=\dimen146
LaTeX Font Info:    Redeclaring font encoding OML on input line 733.
LaTeX Font Info:    Redeclaring font encoding OMS on input line 734.
\macc@depth=\count185
\c@MaxMatrixCols=\count186
\dotsspace@=\muskip16
\c@parentequation=\count187
\dspbrk@lvl=\count188
\tag@help=\toks20
\row@=\count189
\column@=\count190
\maxfields@=\count191
\andhelp@=\toks21
\eqnshift@=\dimen147
\alignsep@=\dimen148
\tagshift@=\dimen149
\tagwidth@=\dimen150
\totwidth@=\dimen151
\lineht@=\dimen152
\@envbody=\toks22
\multlinegap=\skip50
\multlinetaggap=\skip51
\mathdisplay@stack=\toks23
LaTeX Info: Redefining \[ on input line 2859.
LaTeX Info: Redefining \] on input line 2860.
)
("C:\Program Files\MiKTeX\tex/latex/graphics\graphicx.sty"
Package: graphicx 2019/11/30 v1.2a Enhanced LaTeX Graphics (DPC,SPQR)

("C:\Program Files\MiKTeX\tex/latex/graphics\graphics.sty"
Package: graphics 2019/11/30 v1.4a Standard LaTeX Graphics (DPC,SPQR)

("C:\Program Files\MiKTeX\tex/latex/graphics\trig.sty"
Package: trig 2016/01/03 v1.10 sin cos tan (DPC)
)
("C:\Program Files\MiKTeX\tex/latex/graphics-cfg\graphics.cfg"
File: graphics.cfg 2016/06/04 v1.11 sample graphics configuration
)
Package graphics Info: Driver file: pdftex.def on input line 105.

("C:\Program Files\MiKTeX\tex/latex/graphics-def\pdftex.def"
File: pdftex.def 2018/01/08 v1.0l Graphics/color driver for pdftex
))
\Gin@req@height=\dimen153
\Gin@req@width=\dimen154
)
(C:\Users\Matheus\AppData\Roaming\MiKTeX\tex/latex/float\float.sty
Package: float 2001/11/08 v1.3d Float enhancements (AL)
\c@float@type=\count192
\float@exts=\toks24
\float@box=\box47
\@float@everytoks=\toks25
\@floatcapt=\box48
)
(C:\Users\Matheus\AppData\Roaming\MiKTeX\tex/latex/multirow\multirow.sty
Package: multirow 2019/05/31 v2.5 Span multiple rows of a table
\multirow@colwidth=\skip52
\multirow@cntb=\count193
\multirow@dima=\skip53
\bigstrutjot=\dimen155
)
("C:\Program Files\MiKTeX\tex/latex/l3backend\l3backend-pdfmode.def"
File: l3backend-pdfmode.def 2020-06-29 L3 backend support: PDF mode
\l__kernel_color_stack_int=\count194
\l__pdf_internal_box=\box49
)
(RelatorioAnualMatheusNogueira.aux)
\openout1 = `RelatorioAnualMatheusNogueira.aux'.

LaTeX Font Info:    Checking defaults for OML/cmm/m/it on input line 17.
LaTeX Font Info:    ... okay on input line 17.
LaTeX Font Info:    Checking defaults for OMS/cmsy/m/n on input line 17.
LaTeX Font Info:    ... okay on input line 17.
LaTeX Font Info:    Checking defaults for OT1/cmr/m/n on input line 17.
LaTeX Font Info:    ... okay on input line 17.
LaTeX Font Info:    Checking defaults for T1/cmr/m/n on input line 17.
LaTeX Font Info:    ... okay on input line 17.
LaTeX Font Info:    Checking defaults for TS1/cmr/m/n on input line 17.
LaTeX Font Info:    ... okay on input line 17.
LaTeX Font Info:    Checking defaults for OMX/cmex/m/n on input line 17.
LaTeX Font Info:    ... okay on input line 17.
LaTeX Font Info:    Checking defaults for U/cmr/m/n on input line 17.
LaTeX Font Info:    ... okay on input line 17.

*geometry* driver: auto-detecting
*geometry* detected driver: pdftex
*geometry* verbose mode - [ preamble ] result:
* driver: pdftex
* paper: a4paper
* layout: <same size as paper>
* layoutoffset:(h,v)=(0.0pt,0.0pt)
* modes: 
* h-part:(L,W,R)=(85.35826pt, 455.24411pt, 56.9055pt)
* v-part:(T,H,B)=(71.13188pt, 702.78308pt, 71.13188pt)
* \paperwidth=597.50787pt
* \paperheight=845.04684pt
* \textwidth=455.24411pt
* \textheight=702.78308pt
* \oddsidemargin=13.08827pt
* \evensidemargin=13.08827pt
* \topmargin=-38.1381pt
* \headheight=12.0pt
* \headsep=25.0pt
* \topskip=12.0pt
* \footskip=30.0pt
* \marginparwidth=44.0pt
* \marginparsep=10.0pt
* \columnsep=10.0pt
* \skip\footins=10.8pt plus 4.0pt minus 2.0pt
* \hoffset=0.0pt
* \voffset=0.0pt
* \mag=1000
* \@twocolumnfalse
* \@twosidefalse
* \@mparswitchfalse
* \@reversemarginfalse
* (1in=72.27pt=25.4mm, 1cm=28.453pt)

("C:\Program Files\MiKTeX\tex/context/base/mkii\supp-pdf.mkii"
[Loading MPS to PDF converter (version 2006.09.02).]
\scratchcounter=\count195
\scratchdimen=\dimen156
\scratchbox=\box50
\nofMPsegments=\count196
\nofMParguments=\count197
\everyMPshowfont=\toks26
\MPscratchCnt=\count198
\MPscratchDim=\dimen157
\MPnumerator=\count199
\makeMPintoPDFobject=\count266
\everyMPtoPDFconversion=\toks27
) ("C:\Program Files\MiKTeX\tex/latex/epstopdf-pkg\epstopdf-base.sty"
Package: epstopdf-base 2020-01-24 v2.11 Base part for package epstopdf
Package epstopdf-base Info: Redefining graphics rule for `.eps' on input line 4
85.
) [1

{C:/Users/Matheus/AppData/Local/MiKTeX/pdftex/config/pdftex.map}] [2]
Overfull \hbox (1.37766pt too wide) in paragraph at lines 89--90
\OT1/cmr/m/n/12 Com o in-tuito de im-ple-men-tar uma ro-tina de ajuste e pre-vi
s~ao de mo-de-los $\OML/cmm/m/it/12 ARIMA\OT1/cmr/m/n/12 (\OML/cmm/m/it/12 p; d
; q\OT1/cmr/m/n/12 )$,
 []

[3] [4] [5] [6]
<../Modelos/CompGeral00a20.jpg, id=29, 1679.52469pt x 846.91406pt>
File: ../Modelos/CompGeral00a20.jpg Graphic file (type jpg)
<use ../Modelos/CompGeral00a20.jpg>
Package pdftex.def Info: ../Modelos/CompGeral00a20.jpg  used on input line 145.

(pdftex.def)             Requested size: 455.24411pt x 229.56152pt.
 [7 <../Modelos/CompGeral00a20.jpg>] [8]
<../Modelos/SeriesCompUSA10_19.jpg, id=37, 644.6484pt x 542.025pt>
File: ../Modelos/SeriesCompUSA10_19.jpg Graphic file (type jpg)
<use ../Modelos/SeriesCompUSA10_19.jpg>
Package pdftex.def Info: ../Modelos/SeriesCompUSA10_19.jpg  used on input line 
161.
(pdftex.def)             Requested size: 364.19667pt x 306.22815pt.
<../Modelos/SeriesCompDeltaLat10_19.jpg, id=38, 645.1302pt x 542.025pt>
File: ../Modelos/SeriesCompDeltaLat10_19.jpg Graphic file (type jpg)
<use ../Modelos/SeriesCompDeltaLat10_19.jpg>
Package pdftex.def Info: ../Modelos/SeriesCompDeltaLat10_19.jpg  used on input 
line 168.
(pdftex.def)             Requested size: 364.19667pt x 305.9883pt.
 [9 <../Modelos/SeriesCompUSA10_19.jpg>]
<../Modelos/SeriesCompChina10_19.jpg, id=42, 645.1302pt x 542.025pt>
File: ../Modelos/SeriesCompChina10_19.jpg Graphic file (type jpg)
<use ../Modelos/SeriesCompChina10_19.jpg>
Package pdftex.def Info: ../Modelos/SeriesCompChina10_19.jpg  used on input lin
e 175.
(pdftex.def)             Requested size: 364.19667pt x 305.9883pt.
<../Modelos/SeriesCompJapIAG10_19.jpg, id=43, 645.1302pt x 542.025pt>
File: ../Modelos/SeriesCompJapIAG10_19.jpg Graphic file (type jpg)
<use ../Modelos/SeriesCompJapIAG10_19.jpg>
Package pdftex.def Info: ../Modelos/SeriesCompJapIAG10_19.jpg  used on input li
ne 182.
(pdftex.def)             Requested size: 364.19667pt x 305.9883pt.
 [10 <../Modelos/SeriesCompDeltaLat10_19.jpg> <../Modelos/SeriesCompChina10_19.
jpg>]
<../Modelos/SeriesCompEuropa10_19.jpg, id=47, 645.1302pt x 542.025pt>
File: ../Modelos/SeriesCompEuropa10_19.jpg Graphic file (type jpg)
<use ../Modelos/SeriesCompEuropa10_19.jpg>
Package pdftex.def Info: ../Modelos/SeriesCompEuropa10_19.jpg  used on input li
ne 189.
(pdftex.def)             Requested size: 364.19667pt x 305.9883pt.
 [11 <../Modelos/SeriesCompJapIAG10_19.jpg> <../Modelos/SeriesCompEuropa10_19.j
pg>]
<../Modelos/CorrelationsUSA10_19.jpg, id=53, 644.6484pt x 542.025pt>
File: ../Modelos/CorrelationsUSA10_19.jpg Graphic file (type jpg)
<use ../Modelos/CorrelationsUSA10_19.jpg>
Package pdftex.def Info: ../Modelos/CorrelationsUSA10_19.jpg  used on input lin
e 208.
(pdftex.def)             Requested size: 364.19667pt x 306.22815pt.
 [12]
<../Modelos/CorrelationsDeltaLat10_19.jpg, id=57, 644.6484pt x 542.025pt>
File: ../Modelos/CorrelationsDeltaLat10_19.jpg Graphic file (type jpg)
<use ../Modelos/CorrelationsDeltaLat10_19.jpg>
Package pdftex.def Info: ../Modelos/CorrelationsDeltaLat10_19.jpg  used on inpu
t line 215.
(pdftex.def)             Requested size: 364.19667pt x 306.22815pt.
<../Modelos/CorrelationsChina10_19.jpg, id=58, 645.1302pt x 542.025pt>
File: ../Modelos/CorrelationsChina10_19.jpg Graphic file (type jpg)
<use ../Modelos/CorrelationsChina10_19.jpg>
Package pdftex.def Info: ../Modelos/CorrelationsChina10_19.jpg  used on input l
ine 222.
(pdftex.def)             Requested size: 364.19667pt x 305.9883pt.
 [13 <../Modelos/CorrelationsUSA10_19.jpg> <../Modelos/CorrelationsDeltaLat10_1
9.jpg>]
<../Modelos/CorrelationsJapanIAG10_19.jpg, id=63, 645.1302pt x 542.025pt>
File: ../Modelos/CorrelationsJapanIAG10_19.jpg Graphic file (type jpg)
<use ../Modelos/CorrelationsJapanIAG10_19.jpg>
Package pdftex.def Info: ../Modelos/CorrelationsJapanIAG10_19.jpg  used on inpu
t line 229.
(pdftex.def)             Requested size: 364.19667pt x 305.9883pt.
<../Modelos/CorrelationsAirKLM10_19.jpg, id=64, 645.1302pt x 542.025pt>
File: ../Modelos/CorrelationsAirKLM10_19.jpg Graphic file (type jpg)
<use ../Modelos/CorrelationsAirKLM10_19.jpg>
Package pdftex.def Info: ../Modelos/CorrelationsAirKLM10_19.jpg  used on input 
line 236.
(pdftex.def)             Requested size: 364.19667pt x 305.9883pt.
 [14 <../Modelos/CorrelationsChina10_19.jpg> <../Modelos/CorrelationsJapanIAG10
_19.jpg>]
Overfull \hbox (7.57498pt too wide) in paragraph at lines 241--242
\OT1/cmr/m/it/12 (1,0,16), (10,0,1), (16,0,1); \OT1/cmr/bx/it/12 China Eas-tern
 \OT1/cmr/m/it/12 - (1,0,0), (0,0,1), (10,0,0), (0,0,10), (16,0,0),
 []


Overfull \hbox (4.33919pt too wide) in paragraph at lines 241--242
\OT1/cmr/m/it/12 (0,0,16), (1,0,1), (1,0,10), (1,0,16), (10,0,1), (10,0,16), (1
6,0,1); \OT1/cmr/bx/it/12 Ja-pan \OT1/cmr/m/it/12 - (1,0,0), (0,0,1),
 []


Overfull \hbox (6.7149pt too wide) in paragraph at lines 241--242
\OT1/cmr/m/it/12 (2,0,0), (0,0,2), (1,0,1), (1,0,2), (2,0,1), (2,0,2); \OT1/cmr
/bx/it/12 IAG \OT1/cmr/m/it/12 - (1,0,0), (0,0,1), (11,0,0), (0,0,11),
 []

[15 <../Modelos/CorrelationsAirKLM10_19.jpg>]
Overfull \hbox (10.72467pt too wide) in paragraph at lines 247--256
 [][] 
 []


Overfull \hbox (18.55792pt too wide) in paragraph at lines 262--273
 [][] 
 []


Overfull \hbox (10.72467pt too wide) in paragraph at lines 318--327
 [][] 
 []

[16]
Overfull \hbox (22.47455pt too wide) in paragraph at lines 346--355
 [][] 
 []

[17]
<../Modelos/ForecastAmerUnit.jpg, id=78, 990.5808pt x 416.2752pt>
File: ../Modelos/ForecastAmerUnit.jpg Graphic file (type jpg)
<use ../Modelos/ForecastAmerUnit.jpg>
Package pdftex.def Info: ../Modelos/ForecastAmerUnit.jpg  used on input line 42
8.
(pdftex.def)             Requested size: 409.71692pt x 172.17932pt.
<../Modelos/ForecastDeltaLat.jpg, id=79, 990.5808pt x 416.2752pt>
File: ../Modelos/ForecastDeltaLat.jpg Graphic file (type jpg)
<use ../Modelos/ForecastDeltaLat.jpg>
Package pdftex.def Info: ../Modelos/ForecastDeltaLat.jpg  used on input line 43
4.
(pdftex.def)             Requested size: 409.71692pt x 172.17932pt.
<../Modelos/ForecastChinaSoEast.jpg, id=80, 990.5808pt x 416.757pt>
File: ../Modelos/ForecastChinaSoEast.jpg Graphic file (type jpg)
<use ../Modelos/ForecastChinaSoEast.jpg>
Package pdftex.def Info: ../Modelos/ForecastChinaSoEast.jpg  used on input line
 440.
(pdftex.def)             Requested size: 409.71692pt x 172.3786pt.
 [18 <../Modelos/ForecastAmerUnit.jpg>]
<../Modelos/ForecastJpIAG.jpg, id=84, 990.5808pt x 416.757pt>
File: ../Modelos/ForecastJpIAG.jpg Graphic file (type jpg)
<use ../Modelos/ForecastJpIAG.jpg>
Package pdftex.def Info: ../Modelos/ForecastJpIAG.jpg  used on input line 446.
(pdftex.def)             Requested size: 409.71692pt x 172.3786pt.
<../Modelos/ForecastKLMLuft.jpg, id=85, 990.5808pt x 416.757pt>
File: ../Modelos/ForecastKLMLuft.jpg Graphic file (type jpg)
<use ../Modelos/ForecastKLMLuft.jpg>
Package pdftex.def Info: ../Modelos/ForecastKLMLuft.jpg  used on input line 452
.
(pdftex.def)             Requested size: 409.71692pt x 172.3786pt.
 [19 <../Modelos/ForecastDeltaLat.jpg> <../Modelos/ForecastChinaSoEast.jpg> <..
/Modelos/ForecastJpIAG.jpg>]
<../Modelos/ResidualsAmericanUnited.jpg, id=90, 990.5808pt x 416.2752pt>
File: ../Modelos/ResidualsAmericanUnited.jpg Graphic file (type jpg)
<use ../Modelos/ResidualsAmericanUnited.jpg>
Package pdftex.def Info: ../Modelos/ResidualsAmericanUnited.jpg  used on input 
line 462.
(pdftex.def)             Requested size: 455.24411pt x 191.31107pt.
<../Modelos/ResidualsDeltaLatam.jpg, id=91, 990.5808pt x 416.757pt>
File: ../Modelos/ResidualsDeltaLatam.jpg Graphic file (type jpg)
<use ../Modelos/ResidualsDeltaLatam.jpg>
Package pdftex.def Info: ../Modelos/ResidualsDeltaLatam.jpg  used on input line
 468.
(pdftex.def)             Requested size: 455.24411pt x 191.53249pt.
<../Modelos/ResidualsChinaSouEast.jpg, id=92, 990.5808pt x 416.757pt>
File: ../Modelos/ResidualsChinaSouEast.jpg Graphic file (type jpg)
<use ../Modelos/ResidualsChinaSouEast.jpg>
Package pdftex.def Info: ../Modelos/ResidualsChinaSouEast.jpg  used on input li
ne 474.
(pdftex.def)             Requested size: 455.24411pt x 191.53249pt.

[20 <../Modelos/ForecastKLMLuft.jpg> <../Modelos/ResidualsAmericanUnited.jpg>]
<../Modelos/ResidualsJapanIAG.jpg, id=96, 990.5808pt x 416.2752pt>
File: ../Modelos/ResidualsJapanIAG.jpg Graphic file (type jpg)
<use ../Modelos/ResidualsJapanIAG.jpg>
Package pdftex.def Info: ../Modelos/ResidualsJapanIAG.jpg  used on input line 4
80.
(pdftex.def)             Requested size: 455.24411pt x 191.31107pt.
<../Modelos/ResidualsKLMLufthansa.jpg, id=97, 990.5808pt x 416.2752pt>
File: ../Modelos/ResidualsKLMLufthansa.jpg Graphic file (type jpg)
<use ../Modelos/ResidualsKLMLufthansa.jpg>
Package pdftex.def Info: ../Modelos/ResidualsKLMLufthansa.jpg  used on input li
ne 486.
(pdftex.def)             Requested size: 455.24411pt x 191.31107pt.

[21 <../Modelos/ResidualsDeltaLatam.jpg> <../Modelos/ResidualsChinaSouEast.jpg>
 <../Modelos/ResidualsJapanIAG.jpg>] [22 <../Modelos/ResidualsKLMLufthansa.jpg>
] [23]
Overfull \hbox (33.02286pt too wide) in paragraph at lines 573--574
[]\OT1/cmr/m/n/12 Github Re-po-si-tory, \OT1/cmtt/m/n/12 https://github.com/Mat
hNog/UndergraduateResearchProject.git 
 []

[24] (RelatorioAnualMatheusNogueira.aux) ) 
Here is how much of TeX's memory you used:
 3450 strings out of 480790
 51979 string characters out of 2907049
 319610 words of memory out of 3000000
 19415 multiletter control sequences out of 15000+200000
 539813 words of font info for 50 fonts, out of 3000000 for 9000
 1141 hyphenation exceptions out of 8191
 30i,9n,25p,1965b,250s stack positions out of 5000i,500n,10000p,200000b,50000s
<C:/Program Files/MiKTeX/fonts/type1/
public/amsfonts/cm/cmbx12.pfb><C:/Program Files/MiKTeX/fonts/type1/public/amsfo
nts/cm/cmbxti10.pfb><C:/Program Files/MiKTeX/fonts/type1/public/amsfonts/cm/cme
x10.pfb><C:/Program Files/MiKTeX/fonts/type1/public/amsfonts/cm/cmmi12.pfb><C:/
Program Files/MiKTeX/fonts/type1/public/amsfonts/cm/cmmi8.pfb><C:/Program Files
/MiKTeX/fonts/type1/public/amsfonts/cm/cmr12.pfb><C:/Program Files/MiKTeX/fonts
/type1/public/amsfonts/cm/cmr8.pfb><C:/Program Files/MiKTeX/fonts/type1/public/
amsfonts/cm/cmsy10.pfb><C:/Program Files/MiKTeX/fonts/type1/public/amsfonts/cm/
cmsy8.pfb><C:/Program Files/MiKTeX/fonts/type1/public/amsfonts/cm/cmti12.pfb><C
:/Program Files/MiKTeX/fonts/type1/public/amsfonts/cm/cmtt12.pfb>
Output written on RelatorioAnualMatheusNogueira.pdf (24 pages, 5724701 bytes).
PDF statistics:
 146 PDF objects out of 1000 (max. 8388607)
 0 named destinations out of 1000 (max. 500000)
 106 words of extra memory for PDF output out of 10000 (max. 10000000)

